#
# There is insufficient memory for the Java Runtime Environment to continue.
# Native memory allocation (malloc) failed to allocate 38464 bytes for Chunk::new
# Possible reasons:
#   The system is out of physical RAM or swap space
#   The process is running with CompressedOops enabled, and the Java Heap may be blocking the growth of the native heap
# Possible solutions:
#   Reduce memory load on the system
#   Increase physical memory or swap space
#   Check if swap backing store is full
#   Decrease Java heap size (-Xmx/-Xms)
#   Decrease number of Java threads
#   Decrease Java thread stack sizes (-Xss)
#   Set larger code cache with -XX:ReservedCodeCacheSize=
#   JVM is running with Unscaled Compressed Oops mode in which the Java heap is
#     placed in the first 4GB address space. The Java Heap base address is the
#     maximum limit for the native heap growth. Please use -XX:HeapBaseMinAddress
#     to set the Java Heap base and to place the Java Heap above 4GB virtual address.
# This output file may be truncated or incomplete.
#
#  Out of Memory Error (allocation.cpp:389), pid=31280, tid=0x0000000000016f84
#
# JRE version: OpenJDK Runtime Environment (Zulu 8.52.0.23-CA-win64) (8.0_282-b08) (build 1.8.0_282-b08)
# Java VM: OpenJDK 64-Bit Server VM (25.282-b08 mixed mode windows-amd64 compressed oops)
# Failed to write core dump. 
#

---------------  T H R E A D  ---------------

Current thread (0x000000001baf5000):  JavaThread "C2 CompilerThread4" daemon [_thread_in_native, id=94084, stack(0x000000001c850000,0x000000001c950000)]

Stack: [0x000000001c850000,0x000000001c950000]
[error occurred during error reporting (printing stack bounds), id 0xc0000005]

Native frames: (J=compiled Java code, j=interpreted, Vv=VM code, C=native code)


Current CompileTask:
C2:  14847 3148       4       sun.misc.ProxyGenerator$ConstantPool::getValue (91 bytes)


---------------  P R O C E S S  ---------------

Java Threads: ( => current thread )
  0x000000001bba8800 JavaThread "Okio Watchdog" daemon [_thread_blocked, id=89332, stack(0x0000000022940000,0x0000000022a40000)]
  0x000000001bba6000 JavaThread "OkHttp ConnectionPool" daemon [_thread_blocked, id=69684, stack(0x0000000022840000,0x0000000022940000)]
  0x000000001bba5000 JavaThread "ForkJoinPool.commonPool-worker-1" daemon [_thread_blocked, id=105936, stack(0x0000000022540000,0x0000000022640000)]
  0x000000001bba3800 JavaThread "ForkJoinPool.commonPool-worker-8" daemon [_thread_blocked, id=22708, stack(0x0000000022440000,0x0000000022540000)]
  0x000000001bba3000 JavaThread "ForkJoinPool.commonPool-worker-15" daemon [_thread_blocked, id=110652, stack(0x0000000022340000,0x0000000022440000)]
  0x000000001bba2000 JavaThread "ForkJoinPool.commonPool-worker-6" daemon [_thread_blocked, id=81628, stack(0x0000000022240000,0x0000000022340000)]
  0x000000001e100000 JavaThread "ForkJoinPool.commonPool-worker-13" daemon [_thread_blocked, id=75308, stack(0x0000000022140000,0x0000000022240000)]
  0x000000001e0ff000 JavaThread "ForkJoinPool.commonPool-worker-4" daemon [_thread_blocked, id=110500, stack(0x0000000022040000,0x0000000022140000)]
  0x000000001e0fe800 JavaThread "ForkJoinPool.commonPool-worker-11" daemon [_thread_blocked, id=16716, stack(0x0000000021f40000,0x0000000022040000)]
  0x000000001d623800 JavaThread "ForkJoinPool.commonPool-worker-2" daemon [_thread_blocked, id=74096, stack(0x0000000021e40000,0x0000000021f40000)]
  0x000000001d622800 JavaThread "ForkJoinPool.commonPool-worker-9" daemon [_thread_blocked, id=30448, stack(0x0000000021d40000,0x0000000021e40000)]
  0x000000001d3ec000 JavaThread "Exec Stream Pumper" daemon [_thread_in_native, id=76296, stack(0x0000000021c40000,0x0000000021d40000)]
  0x000000001dd65800 JavaThread "Exec Stream Pumper" daemon [_thread_in_native, id=113204, stack(0x0000000021b40000,0x0000000021c40000)]
  0x000000001daaa000 JavaThread "Exec Default Executor" daemon [_thread_in_native, id=10396, stack(0x0000000021940000,0x0000000021a40000)]
  0x000000001bb1f000 JavaThread "Service Thread" daemon [_thread_blocked, id=24492, stack(0x000000001d150000,0x000000001d250000)]
  0x000000001bba6800 JavaThread "C1 CompilerThread11" daemon [_thread_blocked, id=31364, stack(0x000000001d050000,0x000000001d150000)]
  0x000000001bba7800 JavaThread "C1 CompilerThread10" daemon [_thread_blocked, id=30620, stack(0x000000001cf50000,0x000000001d050000)]
  0x000000001bba1000 JavaThread "C1 CompilerThread9" daemon [_thread_blocked, id=115932, stack(0x000000001ce50000,0x000000001cf50000)]
  0x000000001bb1e800 JavaThread "C1 CompilerThread8" daemon [_thread_blocked, id=112272, stack(0x000000001cc50000,0x000000001cd50000)]
  0x000000001bb1d800 JavaThread "C2 CompilerThread7" daemon [_thread_blocked, id=71172, stack(0x000000001cb50000,0x000000001cc50000)]
  0x000000001bb1b000 JavaThread "C2 CompilerThread6" daemon [_thread_blocked, id=101248, stack(0x000000001ca50000,0x000000001cb50000)]
  0x000000001bb02000 JavaThread "C2 CompilerThread5" daemon [_thread_blocked, id=113440, stack(0x000000001c950000,0x000000001ca50000)]
=>0x000000001baf5000 JavaThread "C2 CompilerThread4" daemon [_thread_in_native, id=94084, stack(0x000000001c850000,0x000000001c950000)]
  0x000000001baf2800 JavaThread "C2 CompilerThread3" daemon [_thread_blocked, id=23752, stack(0x000000001c750000,0x000000001c850000)]
  0x000000001baed800 JavaThread "C2 CompilerThread2" daemon [_thread_in_native, id=17144, stack(0x000000001c650000,0x000000001c750000)]
  0x000000001baec800 JavaThread "C2 CompilerThread1" daemon [_thread_blocked, id=116708, stack(0x000000001c550000,0x000000001c650000)]
  0x000000001baec000 JavaThread "C2 CompilerThread0" daemon [_thread_blocked, id=75284, stack(0x000000001c450000,0x000000001c550000)]
  0x000000001bad9000 JavaThread "Attach Listener" daemon [_thread_blocked, id=68748, stack(0x000000001c350000,0x000000001c450000)]
  0x000000001bb54800 JavaThread "Signal Dispatcher" daemon [_thread_blocked, id=76872, stack(0x000000001c250000,0x000000001c350000)]
  0x0000000019fcc800 JavaThread "Finalizer" daemon [_thread_blocked, id=9136, stack(0x000000001b840000,0x000000001b940000)]
  0x0000000018579800 JavaThread "Reference Handler" daemon [_thread_blocked, id=52832, stack(0x000000001b740000,0x000000001b840000)]
  0x0000000002f0d000 JavaThread "Forwarding setTimeout on session 77d800ff-f001-4988-b13a-8bda7977127b to remote" [_thread_in_native, id=8496, stack(0x0000000002e00000,0x0000000002f00000)]

Other Threads:
  0x000000001856e800 VMThread [stack: 0x000000001b640000,0x000000001b740000] [id=81328]
  0x000000001bbe8000 WatcherThread [stack: 0x000000001d250000,0x000000001d350000] [id=79944]

VM state:not at safepoint (normal execution)

VM Mutex/Monitor currently owned by a thread: None

heap address: 0x0000000080000000, size: 2048 MB, Compressed Oops mode: 32-bit
Narrow klass base: 0x0000000000000000, Narrow klass shift: 3
Compressed class space size: 1073741824 Address: 0x0000000100000000

Heap:
 PSYoungGen      total 305664K, used 112614K [0x00000000d5580000, 0x00000000f4f00000, 0x0000000100000000)
  eden space 262144K, 38% used [0x00000000d5580000,0x00000000db6d7958,0x00000000e5580000)
  from space 43520K, 29% used [0x00000000e5580000,0x00000000e62220d8,0x00000000e8000000)
  to   space 43520K, 0% used [0x00000000f2480000,0x00000000f2480000,0x00000000f4f00000)
 ParOldGen       total 344064K, used 8667K [0x0000000080000000, 0x0000000095000000, 0x00000000d5580000)
  object space 344064K, 2% used [0x0000000080000000,0x0000000080876dc8,0x0000000095000000)
 Metaspace       used 30410K, capacity 31328K, committed 31616K, reserved 1077248K
  class space    used 3604K, capacity 3845K, committed 3968K, reserved 1048576K

Card table byte_map: [0x00000000123c0000,0x00000000127d0000] byte_map_base: 0x0000000011fc0000

Marking Bits: (ParMarkBitMap*) 0x0000000075e91f00
 Begin Bits: [0x0000000013780000, 0x0000000015780000)
 End Bits:   [0x0000000015780000, 0x0000000017780000)

Polling page: 0x00000000014e0000

CodeCache: size=245760Kb used=14352Kb max_used=14354Kb free=231407Kb
 bounds [0x0000000003000000, 0x0000000003e10000, 0x0000000012000000]
 total_blobs=3797 nmethods=3100 adapters=605
 compilation: enabled

Compilation events (10 events):
Event: 14.819 Thread 0x000000001bba6800 3145       3       sun.misc.ProxyGenerator$ConstantPool::getString (21 bytes)
Event: 14.819 Thread 0x000000001baed800 3149       4       java.io.DataOutputStream::writeUTF (435 bytes)
Event: 14.819 Thread 0x000000001bba1000 nmethod 3143 0x0000000003e037d0 code [0x0000000003e03a20, 0x0000000003e047f8]
Event: 14.819 Thread 0x000000001bb1b000 3150       4       java.io.DataOutputStream::writeShort (35 bytes)
Event: 14.819 Thread 0x000000001bba6800 nmethod 3145 0x0000000003dffa50 code [0x0000000003dffc00, 0x0000000003e00108]
Event: 14.819 Thread 0x000000001bb02000 nmethod 3147 0x0000000003dfdb10 code [0x0000000003dfdc60, 0x0000000003dfdcf8]
Event: 14.819 Thread 0x000000001bba7800 nmethod 3144 0x0000000003e063d0 code [0x0000000003e06640, 0x0000000003e07728]
Event: 14.819 Thread 0x000000001bb1e800 nmethod 3146 0x0000000003e05150 code [0x0000000003e05360, 0x0000000003e05f68]
Event: 14.820 Thread 0x000000001bb1b000 nmethod 3150 0x0000000003dfd790 code [0x0000000003dfd8e0, 0x0000000003dfd9b8]
Event: 14.824 Thread 0x000000001bb1d800 3151       4       java.security.CodeSource::getCertificates (98 bytes)

GC Heap History (8 events):
Event: 6.451 GC heap before
{Heap before GC invocations=1 (full 0):
 PSYoungGen      total 305664K, used 262144K [0x00000000d5580000, 0x00000000eaa80000, 0x0000000100000000)
  eden space 262144K, 100% used [0x00000000d5580000,0x00000000e5580000,0x00000000e5580000)
  from space 43520K, 0% used [0x00000000e8000000,0x00000000e8000000,0x00000000eaa80000)
  to   space 43520K, 0% used [0x00000000e5580000,0x00000000e5580000,0x00000000e8000000)
 ParOldGen       total 699392K, used 0K [0x0000000080000000, 0x00000000aab00000, 0x00000000d5580000)
  object space 699392K, 0% used [0x0000000080000000,0x0000000080000000,0x00000000aab00000)
 Metaspace       used 20124K, capacity 20396K, committed 20864K, reserved 1067008K
  class space    used 2208K, capacity 2308K, committed 2432K, reserved 1048576K
Event: 6.476 GC heap after
Heap after GC invocations=1 (full 0):
 PSYoungGen      total 305664K, used 16178K [0x00000000d5580000, 0x00000000eaa80000, 0x0000000100000000)
  eden space 262144K, 0% used [0x00000000d5580000,0x00000000d5580000,0x00000000e5580000)
  from space 43520K, 37% used [0x00000000e5580000,0x00000000e654ca98,0x00000000e8000000)
  to   space 43520K, 0% used [0x00000000e8000000,0x00000000e8000000,0x00000000eaa80000)
 ParOldGen       total 699392K, used 88K [0x0000000080000000, 0x00000000aab00000, 0x00000000d5580000)
  object space 699392K, 0% used [0x0000000080000000,0x0000000080016010,0x00000000aab00000)
 Metaspace       used 20124K, capacity 20396K, committed 20864K, reserved 1067008K
  class space    used 2208K, capacity 2308K, committed 2432K, reserved 1048576K
}
Event: 6.901 GC heap before
{Heap before GC invocations=2 (full 0):
 PSYoungGen      total 305664K, used 46587K [0x00000000d5580000, 0x00000000eaa80000, 0x0000000100000000)
  eden space 262144K, 11% used [0x00000000d5580000,0x00000000d7332220,0x00000000e5580000)
  from space 43520K, 37% used [0x00000000e5580000,0x00000000e654ca98,0x00000000e8000000)
  to   space 43520K, 0% used [0x00000000e8000000,0x00000000e8000000,0x00000000eaa80000)
 ParOldGen       total 699392K, used 88K [0x0000000080000000, 0x00000000aab00000, 0x00000000d5580000)
  object space 699392K, 0% used [0x0000000080000000,0x0000000080016010,0x00000000aab00000)
 Metaspace       used 20903K, capacity 21104K, committed 21296K, reserved 1069056K
  class space    used 2302K, capacity 2390K, committed 2432K, reserved 1048576K
Event: 6.921 GC heap after
Heap after GC invocations=2 (full 0):
 PSYoungGen      total 305664K, used 8882K [0x00000000d5580000, 0x00000000eaa80000, 0x0000000100000000)
  eden space 262144K, 0% used [0x00000000d5580000,0x00000000d5580000,0x00000000e5580000)
  from space 43520K, 20% used [0x00000000e8000000,0x00000000e88aca88,0x00000000eaa80000)
  to   space 43520K, 0% used [0x00000000e5580000,0x00000000e5580000,0x00000000e8000000)
 ParOldGen       total 699392K, used 96K [0x0000000080000000, 0x00000000aab00000, 0x00000000d5580000)
  object space 699392K, 0% used [0x0000000080000000,0x0000000080018010,0x00000000aab00000)
 Metaspace       used 20903K, capacity 21104K, committed 21296K, reserved 1069056K
  class space    used 2302K, capacity 2390K, committed 2432K, reserved 1048576K
}
Event: 6.921 GC heap before
{Heap before GC invocations=3 (full 1):
 PSYoungGen      total 305664K, used 8882K [0x00000000d5580000, 0x00000000eaa80000, 0x0000000100000000)
  eden space 262144K, 0% used [0x00000000d5580000,0x00000000d5580000,0x00000000e5580000)
  from space 43520K, 20% used [0x00000000e8000000,0x00000000e88aca88,0x00000000eaa80000)
  to   space 43520K, 0% used [0x00000000e5580000,0x00000000e5580000,0x00000000e8000000)
 ParOldGen       total 699392K, used 96K [0x0000000080000000, 0x00000000aab00000, 0x00000000d5580000)
  object space 699392K, 0% used [0x0000000080000000,0x0000000080018010,0x00000000aab00000)
 Metaspace       used 20903K, capacity 21104K, committed 21296K, reserved 1069056K
  class space    used 2302K, capacity 2390K, committed 2432K, reserved 1048576K
Event: 6.991 GC heap after
Heap after GC invocations=3 (full 1):
 PSYoungGen      total 305664K, used 0K [0x00000000d5580000, 0x00000000eaa80000, 0x0000000100000000)
  eden space 262144K, 0% used [0x00000000d5580000,0x00000000d5580000,0x00000000e5580000)
  from space 43520K, 0% used [0x00000000e8000000,0x00000000e8000000,0x00000000eaa80000)
  to   space 43520K, 0% used [0x00000000e5580000,0x00000000e5580000,0x00000000e8000000)
 ParOldGen       total 344064K, used 8659K [0x0000000080000000, 0x0000000095000000, 0x00000000d5580000)
  object space 344064K, 2% used [0x0000000080000000,0x0000000080874dc8,0x0000000095000000)
 Metaspace       used 20903K, capacity 21104K, committed 21296K, reserved 1069056K
  class space    used 2302K, capacity 2390K, committed 2432K, reserved 1048576K
}
Event: 11.404 GC heap before
{Heap before GC invocations=4 (full 1):
 PSYoungGen      total 305664K, used 262144K [0x00000000d5580000, 0x00000000eaa80000, 0x0000000100000000)
  eden space 262144K, 100% used [0x00000000d5580000,0x00000000e5580000,0x00000000e5580000)
  from space 43520K, 0% used [0x00000000e8000000,0x00000000e8000000,0x00000000eaa80000)
  to   space 43520K, 0% used [0x00000000e5580000,0x00000000e5580000,0x00000000e8000000)
 ParOldGen       total 344064K, used 8659K [0x0000000080000000, 0x0000000095000000, 0x00000000d5580000)
  object space 344064K, 2% used [0x0000000080000000,0x0000000080874dc8,0x0000000095000000)
 Metaspace       used 27812K, capacity 28384K, committed 28544K, reserved 1075200K
  class space    used 3214K, capacity 3405K, committed 3456K, reserved 1048576K
Event: 11.410 GC heap after
Heap after GC invocations=4 (full 1):
 PSYoungGen      total 305664K, used 12936K [0x00000000d5580000, 0x00000000f4f00000, 0x0000000100000000)
  eden space 262144K, 0% used [0x00000000d5580000,0x00000000d5580000,0x00000000e5580000)
  from space 43520K, 29% used [0x00000000e5580000,0x00000000e62220d8,0x00000000e8000000)
  to   space 43520K, 0% used [0x00000000f2480000,0x00000000f2480000,0x00000000f4f00000)
 ParOldGen       total 344064K, used 8667K [0x0000000080000000, 0x0000000095000000, 0x00000000d5580000)
  object space 344064K, 2% used [0x0000000080000000,0x0000000080876dc8,0x0000000095000000)
 Metaspace       used 27812K, capacity 28384K, committed 28544K, reserved 1075200K
  class space    used 3214K, capacity 3405K, committed 3456K, reserved 1048576K
}

Deoptimization events (10 events):
Event: 12.200 Thread 0x0000000002f0d000 Uncommon trap: reason=bimorphic action=maybe_recompile pc=0x0000000003bb4490 method=java.util.regex.Matcher.search(I)Z @ 86
Event: 12.200 Thread 0x0000000002f0d000 Uncommon trap: reason=bimorphic action=maybe_recompile pc=0x0000000003bb4490 method=java.util.regex.Matcher.search(I)Z @ 86
Event: 12.213 Thread 0x0000000002f0d000 Uncommon trap: reason=class_check action=maybe_recompile pc=0x0000000003d7eabc method=java.util.stream.ForEachOps$ForEachOp$OfRef.accept(Ljava/lang/Object;)V @ 5
Event: 12.382 Thread 0x0000000002f0d000 Uncommon trap: reason=unstable_if action=reinterpret pc=0x0000000003c522e8 method=java.util.regex.Pattern$BmpCharProperty.match(Ljava/util/regex/Matcher;ILjava/lang/CharSequence;)Z @ 34
Event: 12.388 Thread 0x0000000002f0d000 Uncommon trap: reason=class_check action=maybe_recompile pc=0x0000000003326898 method=java.io.DataInputStream.readChar()C @ 4
Event: 12.388 Thread 0x0000000002f0d000 Uncommon trap: reason=class_check action=maybe_recompile pc=0x0000000003326898 method=java.io.DataInputStream.readChar()C @ 4
Event: 12.388 Thread 0x0000000002f0d000 Uncommon trap: reason=class_check action=maybe_recompile pc=0x0000000003326898 method=java.io.DataInputStream.readChar()C @ 4
Event: 12.388 Thread 0x0000000002f0d000 Uncommon trap: reason=class_check action=maybe_recompile pc=0x0000000003326898 method=java.io.DataInputStream.readChar()C @ 4
Event: 12.451 Thread 0x0000000002f0d000 Uncommon trap: reason=class_check action=maybe_recompile pc=0x0000000003b41cf4 method=java.util.HashSet.contains(Ljava/lang/Object;)Z @ 5
Event: 12.451 Thread 0x0000000002f0d000 Uncommon trap: reason=class_check action=maybe_recompile pc=0x0000000003b41cf4 method=java.util.HashSet.contains(Ljava/lang/Object;)Z @ 5

Classes redefined (0 events):
No events

Internal exceptions (10 events):
Event: 9.410 Thread 0x0000000002f0d000 Exception <a 'java/lang/ClassNotFoundException': com/kms/katalon/core/logging/KeywordLoggerBeanInfo> (0x00000000e28f16f0) thrown at [C:\jenkins\workspace\zulu8-silver-build-win64\zulu-src\hotspot\src\share\vm\classfile\systemDictionary.cpp, line 220]
Event: 9.418 Thread 0x0000000002f0d000 Exception <a 'java/lang/ClassNotFoundException': com/kms/katalon/core/logging/KeywordLoggerCustomizer> (0x00000000e29b2968) thrown at [C:\jenkins\workspace\zulu8-silver-build-win64\zulu-src\hotspot\src\share\vm\classfile\systemDictionary.cpp, line 220]
Event: 9.444 Thread 0x0000000002f0d000 Exception <a 'java/lang/ClassNotFoundException': com/kms/katalon/core/webui/keyword/builtin/InternalSmartWaitGroovyWrapperBeanInfo> (0x00000000e2c83c88) thrown at [C:\jenkins\workspace\zulu8-silver-build-win64\zulu-src\hotspot\src\share\vm\classfile\syste
Event: 9.452 Thread 0x0000000002f0d000 Exception <a 'java/lang/ClassNotFoundException': com/kms/katalon/core/webui/keyword/builtin/InternalSmartWaitGroovyWrapperCustomizer> (0x00000000e2d8a258) thrown at [C:\jenkins\workspace\zulu8-silver-build-win64\zulu-src\hotspot\src\share\vm\classfile\sys
Event: 9.731 Thread 0x0000000002f0d000 Implicit null exception at 0x00000000038acc81 to 0x00000000038ad669
Event: 10.808 Thread 0x0000000002f0d000 Exception <a 'java/lang/IncompatibleClassChangeError': Found class java.lang.Object, but interface was expected> (0x00000000e3e35fd0) thrown at [C:\jenkins\workspace\zulu8-silver-build-win64\zulu-src\hotspot\src\share\vm\interpreter\linkResolver.cpp, line
Event: 11.952 Thread 0x0000000002f0d000 Exception <a 'java/lang/IncompatibleClassChangeError': Found class java.lang.Object, but interface was expected> (0x00000000d57efb78) thrown at [C:\jenkins\workspace\zulu8-silver-build-win64\zulu-src\hotspot\src\share\vm\interpreter\linkResolver.cpp, line
Event: 11.953 Thread 0x0000000002f0d000 Exception <a 'java/lang/NoSuchMethodError': java.lang.Object.lambda$or$2(Ljava/util/function/Predicate;Ljava/lang/Object;)Z> (0x00000000d57fd820) thrown at [C:\jenkins\workspace\zulu8-silver-build-win64\zulu-src\hotspot\src\share\vm\interpreter\linkResolv
Event: 11.988 Thread 0x0000000002f0d000 Exception <a 'java/lang/NoSuchMethodError': java.lang.Object.lambda$chars$0()Ljava/util/Spliterator$OfInt;> (0x00000000d5942480) thrown at [C:\jenkins\workspace\zulu8-silver-build-win64\zulu-src\hotspot\src\share\vm\interpreter\linkResolver.cpp, line 620]
Event: 14.727 Thread 0x0000000002f0d000 Exception <a 'java/lang/NoSuchMethodError': java.lang.Object.lambda$getResponseFunction$0(Lorg/openqa/selenium/remote/InitialHandshakeResponse;)Lorg/openqa/selenium/remote/ProtocolHandshake$Result;> (0x00000000db0e0c30) thrown at [C:\jenkins\workspace\zul

Events (10 events):
Event: 14.796 loading class org/openqa/selenium/support/events/EventFiringWebDriver
Event: 14.796 loading class org/openqa/selenium/support/events/EventFiringWebDriver done
Event: 14.796 Executing VM operation: Deoptimize
Event: 14.797 Executing VM operation: Deoptimize done
Event: 14.815 loading class org/openqa/selenium/WebDriver
Event: 14.815 loading class org/openqa/selenium/WebDriver done
Event: 14.815 loading class org/openqa/selenium/support/events/EventFiringWebDriver
Event: 14.815 loading class org/openqa/selenium/support/events/EventFiringWebDriver done
Event: 14.816 loading class java/lang/reflect/Proxy$KeyX
Event: 14.816 loading class java/lang/reflect/Proxy$KeyX done


Dynamic libraries:
0x00007ff706920000 - 0x00007ff706955000 	C:\Katalon_Studio_Windows_64-8.4.0\jre\bin\javaw.exe
0x00007fff6ba10000 - 0x00007fff6bc08000 	C:\Windows\SYSTEM32\ntdll.dll
0x00007fff6a9e0000 - 0x00007fff6aa9d000 	C:\Windows\System32\KERNEL32.DLL
0x00007fff69260000 - 0x00007fff6952e000 	C:\Windows\System32\KERNELBASE.dll
0x00007fff671c0000 - 0x00007fff67250000 	C:\Windows\SYSTEM32\apphelp.dll
0x00007fff6b060000 - 0x00007fff6b10e000 	C:\Windows\System32\ADVAPI32.dll
0x00007fff6ace0000 - 0x00007fff6ad7e000 	C:\Windows\System32\msvcrt.dll
0x00007fff6aab0000 - 0x00007fff6ab4c000 	C:\Windows\System32\sechost.dll
0x00007fff6abb0000 - 0x00007fff6acd5000 	C:\Windows\System32\RPCRT4.dll
0x00007fff6a090000 - 0x00007fff6a230000 	C:\Windows\System32\USER32.dll
0x00007fff69130000 - 0x00007fff69152000 	C:\Windows\System32\win32u.dll
0x00007fff6b110000 - 0x00007fff6b13a000 	C:\Windows\System32\GDI32.dll
0x00007fff698d0000 - 0x00007fff699db000 	C:\Windows\System32\gdi32full.dll
0x00007fff69620000 - 0x00007fff696bd000 	C:\Windows\System32\msvcp_win.dll
0x00007fff69160000 - 0x00007fff69260000 	C:\Windows\System32\ucrtbase.dll
0x00007fff56900000 - 0x00007fff56b9a000 	C:\Windows\WinSxS\amd64_microsoft.windows.common-controls_6595b64144ccf1df_6.0.19041.1110_none_60b5254171f9507e\COMCTL32.dll
0x00007fff69a70000 - 0x00007fff69aa0000 	C:\Windows\System32\IMM32.DLL
0x00000000761b0000 - 0x00000000762fa000 	C:\Program Files\xSeAgentSWM\x64\xDrvForPr.dll
0x00007fff6b280000 - 0x00007fff6b9c3000 	C:\Windows\System32\SHELL32.dll
0x00007fff69ed0000 - 0x00007fff69ed8000 	C:\Windows\System32\PSAPI.DLL
0x00007fff6a230000 - 0x00007fff6a29b000 	C:\Windows\System32\WS2_32.dll
0x00007fff66100000 - 0x00007fff66114000 	C:\Windows\SYSTEM32\WTSAPI32.dll
0x00007fff684d0000 - 0x00007fff6850b000 	C:\Windows\SYSTEM32\IPHLPAPI.DLL
0x00007fff5c700000 - 0x00007fff5c70a000 	C:\Windows\SYSTEM32\VERSION.dll
0x00007fff67c60000 - 0x00007fff67c93000 	C:\Windows\SYSTEM32\ntmarta.dll
0x0000000074d10000 - 0x0000000074de2000 	C:\Katalon_Studio_Windows_64-8.4.0\jre\bin\msvcr100.dll
0x0000000075650000 - 0x0000000075f15000 	C:\Katalon_Studio_Windows_64-8.4.0\jre\bin\server\jvm.dll
0x00007fff444b0000 - 0x00007fff444b9000 	C:\Windows\SYSTEM32\WSOCK32.dll
0x00007fff5b020000 - 0x00007fff5b047000 	C:\Windows\SYSTEM32\WINMM.dll
0x00007fff44620000 - 0x00007fff4462f000 	C:\Katalon_Studio_Windows_64-8.4.0\jre\bin\verify.dll
0x00007fff051f0000 - 0x00007fff05219000 	C:\Katalon_Studio_Windows_64-8.4.0\jre\bin\java.dll
0x00007fff1f1a0000 - 0x00007fff1f1b6000 	C:\Katalon_Studio_Windows_64-8.4.0\jre\bin\zip.dll
0x00007fff5a230000 - 0x00007fff5a9c5000 	C:\Windows\SYSTEM32\windows.storage.dll
0x00007fff69aa0000 - 0x00007fff69df4000 	C:\Windows\System32\combase.dll
0x00007fff689e0000 - 0x00007fff68a10000 	C:\Windows\SYSTEM32\Wldp.dll
0x00007fff6a2a0000 - 0x00007fff6a34d000 	C:\Windows\System32\SHCORE.dll
0x00007fff6aed0000 - 0x00007fff6af25000 	C:\Windows\System32\shlwapi.dll
0x00007fff69070000 - 0x00007fff6908f000 	C:\Windows\SYSTEM32\profapi.dll
0x00007fff287d0000 - 0x00007fff287eb000 	C:\Katalon_Studio_Windows_64-8.4.0\jre\bin\net.dll
0x00007fff687c0000 - 0x00007fff6882a000 	C:\Windows\system32\mswsock.dll
0x00007fff28480000 - 0x00007fff28491000 	C:\Katalon_Studio_Windows_64-8.4.0\jre\bin\nio.dll
0x00007fff68510000 - 0x00007fff685da000 	C:\Windows\SYSTEM32\DNSAPI.dll
0x00007fff6aaa0000 - 0x00007fff6aaa8000 	C:\Windows\System32\NSI.dll
0x00007fff61780000 - 0x00007fff6178a000 	C:\Windows\System32\rasadhlp.dll
0x00007fff632b0000 - 0x00007fff63330000 	C:\Windows\System32\fwpuclnt.dll
0x00007fff695f0000 - 0x00007fff69617000 	C:\Windows\System32\bcrypt.dll
0x00007fff1d7f0000 - 0x00007fff1d814000 	C:\Katalon_Studio_Windows_64-8.4.0\jre\bin\sunec.dll
0x00007fff43390000 - 0x00007fff4339c000 	C:\Katalon_Studio_Windows_64-8.4.0\jre\bin\sunmscapi.dll
0x00007fff696c0000 - 0x00007fff69816000 	C:\Windows\System32\CRYPT32.dll
0x00007fff68b30000 - 0x00007fff68b57000 	C:\Windows\SYSTEM32\ncrypt.dll
0x00007fff68af0000 - 0x00007fff68b2b000 	C:\Windows\SYSTEM32\NTASN1.dll
0x00007fff68a20000 - 0x00007fff68a38000 	C:\Windows\SYSTEM32\CRYPTSP.dll
0x00007fff68160000 - 0x00007fff68194000 	C:\Windows\system32\rsaenh.dll
0x00007fff69030000 - 0x00007fff6905e000 	C:\Windows\SYSTEM32\USERENV.dll
0x00007fff699e0000 - 0x00007fff69a62000 	C:\Windows\System32\bcryptprimitives.dll
0x00007fff68950000 - 0x00007fff6895c000 	C:\Windows\SYSTEM32\CRYPTBASE.dll
0x00007fff63330000 - 0x00007fff63347000 	C:\Windows\SYSTEM32\dhcpcsvc6.DLL
0x00007fff63220000 - 0x00007fff6323d000 	C:\Windows\SYSTEM32\dhcpcsvc.DLL

VM Arguments:
jvm_args: -Dgroovy.home=C:\Users\22343387/.groovy -Djava.system.class.loader=groovy.lang.GroovyClassLoader -Xmx2048m -Dfile.encoding=UTF-8 
java_command: org.codehaus.groovy.tools.GroovyStarter --classpath C:\Users\22343387\Katalon Studio\DSC 001\bin\keyword;C:\Users\22343387\Katalon Studio\DSC 001\Keywords;C:\Users\22343387\Katalon Studio\DSC 001\bin\listener;C:\Users\22343387\Katalon Studio\DSC 001\Test Listeners;C:\Users\22343387\Katalon Studio\DSC 001\bin\lib;C:\Users\22343387\Katalon Studio\DSC 001\Libs;C:\Users\22343387\Katalon Studio\DSC 001\bin\groovy;C:\Users\22343387\Katalon Studio\DSC 001\Include\scripts\groovy;C:\Katalon_Studio_Windows_64-8.4.0\plugins\com.kms.katalon.core_1.0.0.202207120557.jar;C:\Katalon_Studio_Windows_64-8.4.0\configuration\resources\lib\aalto-xml-1.0.0.jar;C:\Katalon_Studio_Windows_64-8.4.0\configuration\resources\lib\aspectjweaver-1.9.1.jar;C:\Katalon_Studio_Windows_64-8.4.0\configuration\resources\lib\bcpkix-jdk15on-1.64.jar;C:\Katalon_Studio_Windows_64-8.4.0\configuration\resources\lib\bcprov-jdk15on-1.64.jar;C:\Katalon_Studio_Windows_64-8.4.0\configuration\resources\lib\browsermob-core-2.1.5.jar;C:\Katalon_Studio_Windows_64-8.4.0\configuration\resources\lib\cglib-3.2.10.jar;C:\Katalon_Studio_Windows_64-8.4.0\configuration\resources\lib\commons-codec-1.10.jar;C:\Katalon_Studio_Windows_64-8.4.0\configuration\resources\lib\commons-collections4-4.1.jar;C:\Katalon_Studio_Windows_64-8.4.0\configuration\resources\lib\commons-validator-1.6.jar;C:\Katalon_Studio_Windows_64-8.4.0\configuration\resources\lib\curvesapi-1.04.jar;C:\Katalon_Studio_Windows_64-8.4.0\configuration\resources\lib\dnsjava-2.1.8.jar;C:\Katalon_Studio_Windows_64-8.4.0\configuration\resources\lib\java-client-7.0.0.jar;C:\Katalon_Studio_Windows_64-8.4.0\configuration\resources\lib\jna-4.1.0.jar;C:\Katalon_Studio_Windows_64-8.4.0\configuration\resources\lib\jna-platform-4.1.0.jar;C:\Katalon_Studio_Windows_64-8.4.0\configuration\resources\lib\jzlib-1.1.3.jar;C:\Katalon_Studio_Windows_64-8.4.0\configuration\resources\lib\kat-server.jar;C:\Katalon_Studio_Windows_64-8.4.0\configuration\resources\lib\littleprox
java_class_path (initial): C:\Users\22343387\Katalon Studio\DSC 001\bin\keyword;C:\Users\22343387\Katalon Studio\DSC 001\bin\listener;C:\Users\22343387\Katalon Studio\DSC 001\bin\lib;C:\Users\22343387\Katalon Studio\DSC 001\bin\groovy;C:\Users\22343387\Katalon Studio\DSC 001\bin;C:\Katalon_Studio_Windows_64-8.4.0\plugins\com.kms.katalon.core_1.0.0.202207120557.jar;C:\Katalon_Studio_Windows_64-8.4.0\configuration\resources\lib\aalto-xml-1.0.0.jar;C:\Katalon_Studio_Windows_64-8.4.0\configuration\resources\lib\aspectjweaver-1.9.1.jar;C:\Katalon_Studio_Windows_64-8.4.0\configuration\resources\lib\bcpkix-jdk15on-1.64.jar;C:\Katalon_Studio_Windows_64-8.4.0\configuration\resources\lib\bcprov-jdk15on-1.64.jar;C:\Katalon_Studio_Windows_64-8.4.0\configuration\resources\lib\browsermob-core-2.1.5.jar;C:\Katalon_Studio_Windows_64-8.4.0\configuration\resources\lib\cglib-3.2.10.jar;C:\Katalon_Studio_Windows_64-8.4.0\configuration\resources\lib\commons-codec-1.10.jar;C:\Katalon_Studio_Windows_64-8.4.0\configuration\resources\lib\commons-collections4-4.1.jar;C:\Katalon_Studio_Windows_64-8.4.0\configuration\resources\lib\commons-validator-1.6.jar;C:\Katalon_Studio_Windows_64-8.4.0\configuration\resources\lib\curvesapi-1.04.jar;C:\Katalon_Studio_Windows_64-8.4.0\configuration\resources\lib\dnsjava-2.1.8.jar;C:\Katalon_Studio_Windows_64-8.4.0\configuration\resources\lib\java-client-7.0.0.jar;C:\Katalon_Studio_Windows_64-8.4.0\configuration\resources\lib\jna-4.1.0.jar;C:\Katalon_Studio_Windows_64-8.4.0\configuration\resources\lib\jna-platform-4.1.0.jar;C:\Katalon_Studio_Windows_64-8.4.0\configuration\resources\lib\jzlib-1.1.3.jar;C:\Katalon_Studio_Windows_64-8.4.0\configuration\resources\lib\kat-server.jar;C:\Katalon_Studio_Windows_64-8.4.0\configuration\resources\lib\littleproxy-1.1.0-beta-bmp-17.jar;C:\Katalon_Studio_Windows_64-8.4.0\configuration\resources\lib\log4j-1.2-api-2.17.1.jar;C:\Katalon_Studio_Windows_64-8.4.0\configuration\resources\lib\log4j-api-2.17.1.jar;C:\Katalon_Stu
Launcher Type: SUN_STANDARD

Environment Variables:
JAVA_HOME=C:\Program Files\Eclipse Adoptium\jdk-11.0.17.8-hotspot
PATH=C:/Katalon_Studio_Windows_64-8.4.0/jre/bin/server;C:/Katalon_Studio_Windows_64-8.4.0/jre/bin;C:/Katalon_Studio_Windows_64-8.4.0/jre/lib/amd64;C:\Program Files\Eclipse Adoptium\jdk-11.0.17.8-hotspot\bin;C:\ProgramData\Oracle\Java\javapath;C:\Python311\Scripts\;C:\Python311\;C:\Program Files\Ruby31-x64\bin;C:\Program Files\Java\scripts;C:\Python\Scripts\;C:\Python\;C:\Program Files (x86)\Common Files\Oracle\Java\javapath;C:\Windows\system32;C:\Windows;C:\Windows\System32\Wbem;C:\Windows\System32\WindowsPowerShell\v1.0\;C:\Windows\System32\OpenSSH\;C:\Program Files\PuTTY\;C:\Program Files\MIT\Kerberos\bin;C:\Program Files (x86)\Microsoft SQL Server\150\DTS\Binn\;C:\Program Files\Azure Data Studio\bin;C:\Program Files\Git\cmd;C:\Program Files\Java\jre1.8.0_111\bin;C:\Program Files\jacob;C:\Program Files\Microsoft VS Code\bin;C:\Program Files\TortoiseGit\bin;C:\Program Files\Go\bin;C:\Program Files\Amazon\AWSCLIV2\;C:\apache-maven-3.8.6\bin;C:\ProgramData\chocolatey\bin;C:\Program Files\nodejs\node_modules\newman;C:\Program Files\php-7.4.33-Win32-vc15-x64;C:\Program Files\ComposerSetup;C:\nvm;C:\Program Files\nodejs;C:\Users\22343387\AppData\Local\Microsoft\WindowsApps;;C:\Katalon_Studio_Windows_64-8.4.0;
USERNAME=22343387
OS=Windows_NT
PROCESSOR_IDENTIFIER=AMD64 Family 23 Model 49 Stepping 0, AuthenticAMD



---------------  S Y S T E M  ---------------

OS: Windows 10.0 , 64 bit Build 19041 (10.0.19041.1889)
HyperV virtualization detected

CPU:total 16 (initial active 16) (16 cores per cpu, 1 threads per core) family 23 model 49 stepping 0, cmov, cx8, fxsr, mmx, sse, sse2, sse3, ssse3, sse4.1, sse4.2, popcnt, avx, avx2, aes, clmul, mmxext, 3dnowpref, lzcnt, sse4a, tsc, bmi1

Memory: 4k page, physical 67107716k(1968636k free), swap 83884672k(5024k free)

vm_info: OpenJDK 64-Bit Server VM (25.282-b08) for windows-amd64 JRE (Zulu 8.52.0.23-CA-win64) (1.8.0_282-b08), built on Jan 12 2021 07:45:49 by "tester" with MS VC++ 10.0 (VS2010)

time: Tue Dec 06 15:44:39 2022
timezone: SE Asia Standard Time
elapsed time: 14.852042 seconds (0d 0h 0m 14s)

